android-app/app/build/intermediates/manifest_merge_blame_file/debug/processDebugMainManifest/manifest-merger-blame-debug-report.txt
1<?xml version="1.0" encoding="utf-8"?>
2<manifest xmlns:android="http://schemas.android.com/apk/res/android"
3    package="com.fibonacci.fibohealth"
4    android:versionCode="1"
5    android:versionName="1.0" >
6
7    <uses-sdk
8        android:minSdkVersion="34"
9        android:targetSdkVersion="36" />
10
11    <!-- Bluetooth -->
12    <uses-permission
12-->src/main/AndroidManifest.xml:5:5-6:57
13        android:name="android.permission.BLUETOOTH_SCAN"
13-->src/main/AndroidManifest.xml:5:22-70
14        android:usesPermissionFlags="neverForLocation" />
14-->src/main/AndroidManifest.xml:6:9-55
15    <uses-permission android:name="android.permission.BLUETOOTH_CONNECT" />
15-->src/main/AndroidManifest.xml:7:5-75
15-->src/main/AndroidManifest.xml:7:22-73
16    <uses-permission android:name="android.permission.FOREGROUND_SERVICE" />
16-->src/main/AndroidManifest.xml:8:5-76
16-->src/main/AndroidManifest.xml:8:22-74
17    <uses-permission android:name="android.permission.FOREGROUND_SERVICE_CONNECTED_DEVICE" />
17-->src/main/AndroidManifest.xml:9:5-93
17-->src/main/AndroidManifest.xml:9:22-91
18
19    <!-- Health Connect -->
20    <uses-permission android:name="android.permission.health.READ_STEPS" />
20-->src/main/AndroidManifest.xml:12:5-75
20-->src/main/AndroidManifest.xml:12:22-73
21    <uses-permission android:name="android.permission.health.READ_ACTIVE_CALORIES_BURNED" />
21-->src/main/AndroidManifest.xml:13:5-92
21-->src/main/AndroidManifest.xml:13:22-90
22    <uses-permission android:name="android.permission.health.READ_BASAL_METABOLIC_RATE" />
22-->src/main/AndroidManifest.xml:14:5-90
22-->src/main/AndroidManifest.xml:14:22-88
23    <uses-permission android:name="android.permission.health.READ_EXERCISE" />
23-->src/main/AndroidManifest.xml:15:5-78
23-->src/main/AndroidManifest.xml:15:22-76
24    <uses-permission android:name="android.permission.health.WRITE_NUTRITION" />
24-->src/main/AndroidManifest.xml:16:5-80
24-->src/main/AndroidManifest.xml:16:22-78
25
26    <permission
26-->[androidx.core:core:1.13.1] AndroidManifest.xml:22:5-24:47
27        android:name="com.fibonacci.fibohealth.DYNAMIC_RECEIVER_NOT_EXPORTED_PERMISSION"
27-->[androidx.core:core:1.13.1] AndroidManifest.xml:23:9-81
28        android:protectionLevel="signature" />
28-->[androidx.core:core:1.13.1] AndroidManifest.xml:24:9-44
29
30    <uses-permission android:name="com.fibonacci.fibohealth.DYNAMIC_RECEIVER_NOT_EXPORTED_PERMISSION" />
30-->[androidx.core:core:1.13.1] AndroidManifest.xml:26:5-97
30-->[androidx.core:core:1.13.1] AndroidManifest.xml:26:22-94
31
32    <application
32-->src/main/AndroidManifest.xml:18:5-56:19
33        android:name="com.fibonacci.fibohealth.FiboHealthApp"
33-->src/main/AndroidManifest.xml:19:9-38
34        android:appComponentFactory="androidx.core.app.CoreComponentFactory"
34-->[androidx.core:core:1.13.1] AndroidManifest.xml:28:18-86
35        android:debuggable="true"
36        android:extractNativeLibs="false"
37        android:label="@string/app_name"
37-->src/main/AndroidManifest.xml:20:9-41
38        android:theme="@style/Theme.FiboHealth" >
38-->src/main/AndroidManifest.xml:21:9-48
39        <activity
39-->src/main/AndroidManifest.xml:23:9-38:20
40            android:name="com.fibonacci.fibohealth.MainActivity"
40-->src/main/AndroidManifest.xml:24:13-41
41            android:exported="true"
41-->src/main/AndroidManifest.xml:25:13-36
42            android:windowSoftInputMode="adjustResize" >
42-->src/main/AndroidManifest.xml:26:13-55
43            <intent-filter>
43-->src/main/AndroidManifest.xml:27:13-30:29
44                <action android:name="android.intent.action.MAIN" />
44-->src/main/AndroidManifest.xml:28:17-68
44-->src/main/AndroidManifest.xml:28:25-66
45
46                <category android:name="android.intent.category.LAUNCHER" />
46-->src/main/AndroidManifest.xml:29:17-76
46-->src/main/AndroidManifest.xml:29:27-74
47            </intent-filter>
48            <!-- Required by Health Connect for privacy policy display -->
49            <intent-filter>
49-->src/main/AndroidManifest.xml:32:13-34:29
50                <action android:name="androidx.health.ACTION_SHOW_PERMISSIONS_RATIONALE" />
50-->src/main/AndroidManifest.xml:33:17-91
50-->src/main/AndroidManifest.xml:33:25-89
51            </intent-filter>
52
53            <meta-data
53-->src/main/AndroidManifest.xml:35:13-37:61
54                android:name="health_permissions"
54-->src/main/AndroidManifest.xml:36:17-50
55                android:resource="@xml/health_permissions" />
55-->src/main/AndroidManifest.xml:37:17-59
56        </activity>
57
58        <activity-alias
58-->src/main/AndroidManifest.xml:40:9-49:26
59            android:name="com.fibonacci.fibohealth.ViewPermissionUsageActivity"
59-->src/main/AndroidManifest.xml:41:13-55
60            android:exported="true"
60-->src/main/AndroidManifest.xml:42:13-36
61            android:permission="android.permission.START_VIEW_PERMISSION_USAGE"
61-->src/main/AndroidManifest.xml:44:13-80
62            android:targetActivity="com.fibonacci.fibohealth.MainActivity" >
62-->src/main/AndroidManifest.xml:43:13-51
63            <intent-filter>
63-->src/main/AndroidManifest.xml:45:13-48:29
64                <action android:name="android.intent.action.VIEW_PERMISSION_USAGE" />
64-->src/main/AndroidManifest.xml:46:17-85
64-->src/main/AndroidManifest.xml:46:25-83
65
66                <category android:name="android.intent.category.HEALTH_PERMISSIONS" />
66-->src/main/AndroidManifest.xml:47:17-86
66-->src/main/AndroidManifest.xml:47:27-84
67            </intent-filter>
68        </activity-alias>
69
70        <service
70-->src/main/AndroidManifest.xml:51:9-54:39
71            android:name="com.fibonacci.fibohealth.service.BleService"
71-->src/main/AndroidManifest.xml:52:13-47
72            android:exported="false"
72-->src/main/AndroidManifest.xml:54:13-37
73            android:foregroundServiceType="connectedDevice" />
73-->src/main/AndroidManifest.xml:53:13-60
74        <service
74-->[androidx.health.connect:connect-client:1.1.0-rc02] AndroidManifest.xml:24:9-32:19
75            android:name="androidx.health.platform.client.impl.sdkservice.HealthDataSdkService"
75-->[androidx.health.connect:connect-client:1.1.0-rc02] AndroidManifest.xml:25:13-96
76            android:enabled="true"
76-->[androidx.health.connect:connect-client:1.1.0-rc02] AndroidManifest.xml:26:13-35
77            android:exported="true" >
77-->[androidx.health.connect:connect-client:1.1.0-rc02] AndroidManifest.xml:27:13-36
78            <intent-filter>
78-->[androidx.health.connect:connect-client:1.1.0-rc02] AndroidManifest.xml:29:13-31:29
79                <action android:name="androidx.health.platform.client.ACTION_BIND_SDK_SERVICE" />
79-->[androidx.health.connect:connect-client:1.1.0-rc02] AndroidManifest.xml:30:17-98
79-->[androidx.health.connect:connect-client:1.1.0-rc02] AndroidManifest.xml:30:25-95
80            </intent-filter>
81        </service>
82
83        <provider
83-->[androidx.emoji2:emoji2:1.3.0] AndroidManifest.xml:24:9-32:20
84            android:name="androidx.startup.InitializationProvider"
84-->[androidx.emoji2:emoji2:1.3.0] AndroidManifest.xml:25:13-67
85            android:authorities="com.fibonacci.fibohealth.androidx-startup"
85-->[androidx.emoji2:emoji2:1.3.0] AndroidManifest.xml:26:13-68
86            android:exported="false" >
86-->[androidx.emoji2:emoji2:1.3.0] AndroidManifest.xml:27:13-37
87            <meta-data
87-->[androidx.emoji2:emoji2:1.3.0] AndroidManifest.xml:29:13-31:52
88                android:name="androidx.emoji2.text.EmojiCompatInitializer"
88-->[androidx.emoji2:emoji2:1.3.0] AndroidManifest.xml:30:17-75
89                android:value="androidx.startup" />
89-->[androidx.emoji2:emoji2:1.3.0] AndroidManifest.xml:31:17-49
90            <meta-data
90-->[androidx.lifecycle:lifecycle-process:2.8.3] AndroidManifest.xml:29:13-31:52
91                android:name="androidx.lifecycle.ProcessLifecycleInitializer"
91-->[androidx.lifecycle:lifecycle-process:2.8.3] AndroidManifest.xml:30:17-78
92                android:value="androidx.startup" />
92-->[androidx.lifecycle:lifecycle-process:2.8.3] AndroidManifest.xml:31:17-49
93            <meta-data
93-->[androidx.profileinstaller:profileinstaller:1.3.1] AndroidManifest.xml:29:13-31:52
94                android:name="androidx.profileinstaller.ProfileInstallerInitializer"
94-->[androidx.profileinstaller:profileinstaller:1.3.1] AndroidManifest.xml:30:17-85
95                android:value="androidx.startup" />
95-->[androidx.profileinstaller:profileinstaller:1.3.1] AndroidManifest.xml:31:17-49
96        </provider>
97
98        <uses-library
98-->[androidx.window:window:1.3.0] AndroidManifest.xml:23:9-25:40
99            android:name="androidx.window.extensions"
99-->[androidx.window:window:1.3.0] AndroidManifest.xml:24:13-54
100            android:required="false" />
100-->[androidx.window:window:1.3.0] AndroidManifest.xml:25:13-37
101        <uses-library
101-->[androidx.window:window:1.3.0] AndroidManifest.xml:26:9-28:40
102            android:name="androidx.window.sidecar"
102-->[androidx.window:window:1.3.0] AndroidManifest.xml:27:13-51
103            android:required="false" />
103-->[androidx.window:window:1.3.0] AndroidManifest.xml:28:13-37
104
105        <service
105-->[androidx.room:room-runtime:2.6.1] AndroidManifest.xml:24:9-28:63
106            android:name="androidx.room.MultiInstanceInvalidationService"
106-->[androidx.room:room-runtime:2.6.1] AndroidManifest.xml:25:13-74
107            android:directBootAware="true"
107-->[androidx.room:room-runtime:2.6.1] AndroidManifest.xml:26:13-43
108            android:exported="false" />
108-->[androidx.room:room-runtime:2.6.1] AndroidManifest.xml:27:13-37
109
110        <receiver
110-->[androidx.profileinstaller:profileinstaller:1.3.1] AndroidManifest.xml:34:9-52:20
111            android:name="androidx.profileinstaller.ProfileInstallReceiver"
111-->[androidx.profileinstaller:profileinstaller:1.3.1] AndroidManifest.xml:35:13-76
112            android:directBootAware="false"
112-->[androidx.profileinstaller:profileinstaller:1.3.1] AndroidManifest.xml:36:13-44
113            android:enabled="true"
113-->[androidx.profileinstaller:profileinstaller:1.3.1] AndroidManifest.xml:37:13-35
114            android:exported="true"
114-->[androidx.profileinstaller:profileinstaller:1.3.1] AndroidManifest.xml:38:13-36
115            android:permission="android.permission.DUMP" >
115-->[androidx.profileinstaller:profileinstaller:1.3.1] AndroidManifest.xml:39:13-57
116            <intent-filter>
116-->[androidx.profileinstaller:profileinstaller:1.3.1] AndroidManifest.xml:40:13-42:29
117                <action android:name="androidx.profileinstaller.action.INSTALL_PROFILE" />
117-->[androidx.profileinstaller:profileinstaller:1.3.1] AndroidManifest.xml:41:17-91
117-->[androidx.profileinstaller:profileinstaller:1.3.1] AndroidManifest.xml:41:25-88
118            </intent-filter>
119            <intent-filter>
119-->[androidx.profileinstaller:profileinstaller:1.3.1] AndroidManifest.xml:43:13-45:29
120                <action android:name="androidx.profileinstaller.action.SKIP_FILE" />
120-->[androidx.profileinstaller:profileinstaller:1.3.1] AndroidManifest.xml:44:17-85
120-->[androidx.profileinstaller:profileinstaller:1.3.1] AndroidManifest.xml:44:25-82
121            </intent-filter>
122            <intent-filter>
122-->[androidx.profileinstaller:profileinstaller:1.3.1] AndroidManifest.xml:46:13-48:29
123                <action android:name="androidx.profileinstaller.action.SAVE_PROFILE" />
123-->[androidx.profileinstaller:profileinstaller:1.3.1] AndroidManifest.xml:47:17-88
123-->[androidx.profileinstaller:profileinstaller:1.3.1] AndroidManifest.xml:47:25-85
124            </intent-filter>
125            <intent-filter>
125-->[androidx.profileinstaller:profileinstaller:1.3.1] AndroidManifest.xml:49:13-51:29
126                <action android:name="androidx.profileinstaller.action.BENCHMARK_OPERATION" />
126-->[androidx.profileinstaller:profileinstaller:1.3.1] AndroidManifest.xml:50:17-95
126-->[androidx.profileinstaller:profileinstaller:1.3.1] AndroidManifest.xml:50:25-92
127            </intent-filter>
128        </receiver>
129    </application>
130
131</manifest>